<?xml version="1.0" encoding="UTF-8"?>
<testsuite name="testNumbersToWords" tests="2" skipped="0" failures="0" errors="0" timestamp="2016-04-19T21:24:23" hostname="epicodus-54.local" time="0.001">
  <properties/>
  <testcase name="integerConverter_returnsWordsForNumbersInOnesPlace_9" classname="testNumbersToWords" time="0.001"/>
  <testcase name="integerConverter_returnsWordsForNumbersInTensPlace_30" classname="testNumbersToWords" time="0.0"/>
  <system-out><![CDATA[nine
thirty
]]></system-out>
  <system-err><![CDATA[]]></system-err>
</testsuite>
