<?xml version="1.0" encoding="UTF-8"?>
<testsuite name="testNumbersToWords" tests="5" skipped="0" failures="0" errors="0" timestamp="2016-04-19T23:38:35" hostname="epicodus-54.local" time="0.002">
  <properties/>
  <testcase name="doubleDigitConverter_returnsWordsForNumbersInBothPlaces_22" classname="testNumbersToWords" time="0.002"/>
  <testcase name="doubleDigitConverter_returnsWordsForNumbersInBothPlace_18" classname="testNumbersToWords" time="0.0"/>
  <testcase name="integerConverter_returnsWordsForNumbersInOnesPlace_9" classname="testNumbersToWords" time="0.0"/>
  <testcase name="doubleDigitConverter_returnsWordsForNumbersinHundreds_221" classname="testNumbersToWords" time="0.0"/>
  <testcase name="integerConverter_returnsWordsForNumbersInTensPlace_30" classname="testNumbersToWords" time="0.0"/>
  <system-out><![CDATA[]]></system-out>
  <system-err><![CDATA[]]></system-err>
</testsuite>
